<?xml version="1.0" encoding="UTF-8"?>
<!-- Generated by org.testng.reporters.JUnitXMLReporter -->
<testsuite ignored="0" hostname="MAL-004523" failures="0" tests="5" name="Test" time="0.098" errors="0" timestamp="2020-12-09T11:27:56 CET">
  <testcase classname="MavenTutorial.AppTest" name="shouldAnswerWithTrue" time="0.014"/>
  <testcase classname="MavenTutorial.AppTest_2" name="printHello" time="0.002"/>
  <testcase classname="MavenTutorial.AppTest_2" name="shouldAnswerWithTrue" time="0.002"/>
  <testcase classname="MavenTutorial.NewTest" name="printHello" time="0.001"/>
  <testcase classname="MavenTutorial.NewTest" name="shouldAnswerWithTrue" time="0.001"/>
</testsuite> <!-- Test -->
