<?xml version="1.0" encoding="UTF-8"?>
<testng-results ignored="0" total="1" passed="1" failed="0" skipped="0">
  <reporter-output>
  </reporter-output>
  <suite started-at="2020-12-17T19:36:33 CET" name="Suite" finished-at="2020-12-17T19:36:33 CET" duration-ms="107">
    <groups>
    </groups>
    <test started-at="2020-12-17T19:36:33 CET" name="Test" finished-at="2020-12-17T19:36:33 CET" duration-ms="107">
      <class name="MavenTutorial.NewTest">
        <test-method signature="shouldAnswerWithTrue()[pri:0, instance:MavenTutorial.NewTest@fbd1f6]" started-at="2020-12-17T19:36:33 CET" name="shouldAnswerWithTrue" finished-at="2020-12-17T19:36:33 CET" duration-ms="17" status="PASS">
          <reporter-output>
          </reporter-output>
        </test-method> <!-- shouldAnswerWithTrue -->
      </class> <!-- MavenTutorial.NewTest -->
    </test> <!-- Test -->
  </suite> <!-- Suite -->
</testng-results>
